<?xml version="1.0" encoding="UTF-8"?>
<testng-results skipped="0" failed="1" total="1" passed="0">
  <reporter-output>
    <line>
      <![CDATA[<div style="display:block;margin-left:10px;"><div  class="fail"><span class="fail-label">F </span>Timed out after 30 seconds: Wait time out for add to cart to be visible
Build info: version: '2.53.0', revision: '35ae25b1534ae328c771e0856c93e187490ca824', time: '2016-03-15 10:43:46'
System info: host: 'ICPL11544', ip: '10.11.31.147', os.name: 'Windows 8', os.arch: 'amd64', os.version: '6.2', java.version: '1.7.0_51'
Driver info: driver.version: unknown <a href="../img/search_quro1voycyrf17463.png" target="_blank">[View Screenshot]</a> </div></div>]]>
    </line>
  </reporter-output>
  <suite name="Default suite" duration-ms="61261" started-at="2017-05-11T05:48:41Z" finished-at="2017-05-11T05:49:42Z">
    <groups>
    </groups>
    <test name="Default test" duration-ms="61261" started-at="2017-05-11T05:48:41Z" finished-at="2017-05-11T05:49:42Z">
      <class name="com.flipkart_mobile.step.Flipkart_homeeststep">
        <test-method status="PASS" signature="setupSuit(org.testng.ITestContext)[pri:0, instance:com.flipkart_mobile.step.Flipkart_homeeststep@63334d7f]" name="setupSuit" is-config="true" duration-ms="22" started-at="2017-05-11T11:18:41Z" finished-at="2017-05-11T11:18:41Z">
          <params>
            <param index="0">
              <value>
                <![CDATA[org.testng.TestRunner@2456a73b]]>
              </value>
            </param>
          </params>
          <reporter-output>
          </reporter-output>
        </test-method> <!-- setupSuit -->
        <test-method status="PASS" signature="setupTest(org.testng.ITestContext)[pri:0, instance:com.flipkart_mobile.step.Flipkart_homeeststep@63334d7f]" name="setupTest" is-config="true" duration-ms="7" started-at="2017-05-11T11:18:41Z" finished-at="2017-05-11T11:18:41Z">
          <params>
            <param index="0">
              <value>
                <![CDATA[org.testng.TestRunner@2456a73b]]>
              </value>
            </param>
          </params>
          <reporter-output>
          </reporter-output>
        </test-method> <!-- setupTest -->
        <test-method status="PASS" signature="setup(org.testng.ITestContext)[pri:0, instance:com.flipkart_mobile.step.Flipkart_homeeststep@63334d7f]" name="setup" is-config="true" duration-ms="1" started-at="2017-05-11T11:18:41Z" finished-at="2017-05-11T11:18:41Z">
          <params>
            <param index="0">
              <value>
                <![CDATA[org.testng.TestRunner@2456a73b]]>
              </value>
            </param>
          </params>
          <reporter-output>
          </reporter-output>
        </test-method> <!-- setup -->
        <test-method status="PASS" signature="setupMethod(java.lang.reflect.Method, org.testng.ITestContext)[pri:0, instance:com.flipkart_mobile.step.Flipkart_homeeststep@63334d7f]" name="setupMethod" is-config="true" duration-ms="4" started-at="2017-05-11T11:18:41Z" finished-at="2017-05-11T11:18:41Z">
          <params>
            <param index="0">
              <value>
                <![CDATA[public void com.flipkart_mobile.step.Flipkart_homeeststep.search()]]>
              </value>
            </param>
            <param index="1">
              <value>
                <![CDATA[org.testng.TestRunner@2456a73b]]>
              </value>
            </param>
          </params>
          <reporter-output>
          </reporter-output>
        </test-method> <!-- setupMethod -->
        <test-method status="FAIL" signature="search()[pri:0, instance:com.flipkart_mobile.step.Flipkart_homeeststep@63334d7f]" name="search" duration-ms="54083" started-at="2017-05-11T11:18:41Z" description="Add data" finished-at="2017-05-11T11:19:35Z">
          <exception class="org.openqa.selenium.TimeoutException">
            <message>
              <![CDATA[Timed out after 30 seconds: Wait time out for add to cart to be visible
Build info: version: '2.53.0', revision: '35ae25b1534ae328c771e0856c93e187490ca824', time: '2016-03-15 10:43:46'
System info: host: 'ICPL11544', ip: '10.11.31.147', os.name: 'Windows 8', os.arch: 'amd64', os.version: '6.2', java.version: '1.7.0_51'
Driver info: driver.version: unknown]]>
            </message>
            <full-stacktrace>
              <![CDATA[org.openqa.selenium.TimeoutException: Timed out after 30 seconds: Wait time out for add to cart to be visible
Build info: version: '2.53.0', revision: '35ae25b1534ae328c771e0856c93e187490ca824', time: '2016-03-15 10:43:46'
System info: host: 'ICPL11544', ip: '10.11.31.147', os.name: 'Windows 8', os.arch: 'amd64', os.version: '6.2', java.version: '1.7.0_51'
Driver info: driver.version: unknown
	at org.openqa.selenium.support.ui.FluentWait.timeoutException(FluentWait.java:292)
	at org.openqa.selenium.support.ui.FluentWait.until(FluentWait.java:261)
	at com.qmetry.qaf.automation.ui.webdriver.QAFExtendedWebElement.waitForVisible(QAFExtendedWebElement.java:478)
	at com.flipkart_mobile.page.Product_resultTestPage.selectProduct(Product_resultTestPage.java:50)
	at com.flipkart_mobile.step.Flipkart_homeeststep.search(Flipkart_homeeststep.java:22)
	at sun.reflect.NativeMethodAccessorImpl.invoke0(Native Method)
	at sun.reflect.NativeMethodAccessorImpl.invoke(NativeMethodAccessorImpl.java:57)
	at sun.reflect.DelegatingMethodAccessorImpl.invoke(DelegatingMethodAccessorImpl.java:43)
	at java.lang.reflect.Method.invoke(Method.java:606)
	at org.testng.internal.MethodInvocationHelper.invokeMethod(MethodInvocationHelper.java:86)
	at org.testng.internal.Invoker.invokeMethod(Invoker.java:643)
	at org.testng.internal.Invoker.invokeTestMethod(Invoker.java:820)
	at org.testng.internal.Invoker.invokeTestMethods(Invoker.java:1128)
	at org.testng.internal.TestMethodWorker.invokeTestMethods(TestMethodWorker.java:129)
	at org.testng.internal.TestMethodWorker.run(TestMethodWorker.java:112)
	at org.testng.TestRunner.privateRun(TestRunner.java:805)
	at org.testng.TestRunner.run(TestRunner.java:655)
	at org.testng.SuiteRunner.runTest(SuiteRunner.java:366)
	at org.testng.SuiteRunner.runSequentially(SuiteRunner.java:361)
	at org.testng.SuiteRunner.privateRun(SuiteRunner.java:319)
	at org.testng.SuiteRunner.run(SuiteRunner.java:268)
	at org.testng.SuiteRunnerWorker.runSuite(SuiteRunnerWorker.java:52)
	at org.testng.SuiteRunnerWorker.run(SuiteRunnerWorker.java:86)
	at org.testng.TestNG.runSuitesSequentially(TestNG.java:1244)
	at org.testng.TestNG.runSuitesLocally(TestNG.java:1169)
	at org.testng.TestNG.run(TestNG.java:1064)
	at org.testng.remote.AbstractRemoteTestNG.run(AbstractRemoteTestNG.java:132)
	at org.testng.remote.RemoteTestNG.initAndRun(RemoteTestNG.java:236)
	at org.testng.remote.RemoteTestNG.main(RemoteTestNG.java:81)
]]>
            </full-stacktrace>
          </exception> <!-- org.openqa.selenium.TimeoutException -->
          <reporter-output>
            <line>
              <![CDATA[<div style="display:block;margin-left:10px;"><div  class="fail"><span class="fail-label">F </span>Timed out after 30 seconds: Wait time out for add to cart to be visible
Build info: version: '2.53.0', revision: '35ae25b1534ae328c771e0856c93e187490ca824', time: '2016-03-15 10:43:46'
System info: host: 'ICPL11544', ip: '10.11.31.147', os.name: 'Windows 8', os.arch: 'amd64', os.version: '6.2', java.version: '1.7.0_51'
Driver info: driver.version: unknown <a href="../img/search_quro1voycyrf17463.png" target="_blank">[View Screenshot]</a> </div></div>]]>
            </line>
          </reporter-output>
        </test-method> <!-- search -->
        <test-method status="PASS" signature="afterMethod(org.testng.ITestContext, org.testng.ITestResult)[pri:0, instance:com.flipkart_mobile.step.Flipkart_homeeststep@63334d7f]" name="afterMethod" is-config="true" duration-ms="1" started-at="2017-05-11T11:19:40Z" finished-at="2017-05-11T11:19:40Z">
          <params>
            <param index="0">
              <value>
                <![CDATA[org.testng.TestRunner@2456a73b]]>
              </value>
            </param>
            <param index="1">
              <value>
                <![CDATA[[TestResult name=search status=FAILURE method=Flipkart_homeeststep.search()[pri:0, instance:com.flipkart_mobile.step.Flipkart_homeeststep@63334d7f] output=<div style="display:block;margin-left:10px;"><div  class="fail"><span class="fail-label">F </span>Timed out after 30 seconds: Wait time out for add to cart to be visible
Build info: version: '2.53.0', revision: '35ae25b1534ae328c771e0856c93e187490ca824', time: '2016-03-15 10:43:46'
System info: host: 'ICPL11544', ip: '10.11.31.147', os.name: 'Windows 8', os.arch: 'amd64', os.version: '6.2', java.version: '1.7.0_51'
Driver info: driver.version: unknown <a href="../img/search_quro1voycyrf17463.png" target="_blank">[View Screenshot]</a> </div></div>]]]>
              </value>
            </param>
          </params>
          <reporter-output>
          </reporter-output>
        </test-method> <!-- afterMethod -->
        <test-method status="PASS" signature="afterClass(org.testng.ITestContext)[pri:0, instance:com.flipkart_mobile.step.Flipkart_homeeststep@63334d7f]" name="afterClass" is-config="true" duration-ms="1" started-at="2017-05-11T11:19:40Z" finished-at="2017-05-11T11:19:40Z">
          <params>
            <param index="0">
              <value>
                <![CDATA[org.testng.TestRunner@2456a73b]]>
              </value>
            </param>
          </params>
          <reporter-output>
          </reporter-output>
        </test-method> <!-- afterClass -->
        <test-method status="PASS" signature="afterTest(org.testng.ITestContext)[pri:0, instance:com.flipkart_mobile.step.Flipkart_homeeststep@63334d7f]" name="afterTest" is-config="true" duration-ms="2259" started-at="2017-05-11T11:19:40Z" finished-at="2017-05-11T11:19:42Z">
          <params>
            <param index="0">
              <value>
                <![CDATA[org.testng.TestRunner@2456a73b]]>
              </value>
            </param>
          </params>
          <reporter-output>
          </reporter-output>
        </test-method> <!-- afterTest -->
        <test-method status="PASS" signature="afterSuit(org.testng.ITestContext)[pri:0, instance:com.flipkart_mobile.step.Flipkart_homeeststep@63334d7f]" name="afterSuit" is-config="true" duration-ms="2" started-at="2017-05-11T11:19:42Z" finished-at="2017-05-11T11:19:42Z">
          <params>
            <param index="0">
              <value>
                <![CDATA[org.testng.TestRunner@2456a73b]]>
              </value>
            </param>
          </params>
          <reporter-output>
          </reporter-output>
        </test-method> <!-- afterSuit -->
      </class> <!-- com.flipkart_mobile.step.Flipkart_homeeststep -->
    </test> <!-- Default test -->
  </suite> <!-- Default suite -->
</testng-results>
